TN:
SF:src/sdk/index.ts
FN:28,(anonymous_0)
FN:34,(anonymous_1)
FN:66,(anonymous_2)
FN:76,(anonymous_3)
FN:88,(anonymous_4)
FNF:5
FNH:5
FNDA:11,(anonymous_0)
FNDA:2,(anonymous_1)
FNDA:3,(anonymous_2)
FNDA:3,(anonymous_3)
FNDA:4,(anonymous_4)
DA:23,1
DA:29,11
DA:30,11
DA:31,11
DA:36,2
DA:39,2
DA:40,1
DA:44,1
DA:45,1
DA:48,1
DA:51,1
DA:52,1
DA:55,1
DA:56,1
DA:58,1
DA:63,1
DA:67,3
DA:69,3
DA:70,1
DA:73,2
DA:77,3
DA:78,2
DA:84,1
DA:89,4
DA:91,4
DA:103,4
DA:105,4
DA:106,1
DA:109,3
LF:29
LH:29
BRDA:28,0,0,6
BRDA:30,1,0,11
BRDA:30,1,1,8
BRDA:31,2,0,11
BRDA:31,2,1,8
BRDA:34,3,0,0
BRDA:39,4,0,1
BRDA:69,5,0,1
BRDA:77,6,0,2
BRDA:77,6,1,1
BRDA:89,7,0,4
BRDA:89,7,1,3
BRDA:105,8,0,1
BRF:13
BRH:12
end_of_record
